<?xml version="1.0" encoding="UTF-8"?>
<!-- Generated by org.testng.reporters.JUnitXMLReporter -->
<testsuite ignored="2" hostname="desktop-pc" failures="0" tests="4" name="Default test" time="17.928" errors="0" timestamp="2025-05-06T23:19:05 EET">
  <testcase classname="sumayaproject.myTest" name="addOneRandomItem" time="0.449"/>
  <testcase classname="sumayaproject.myTest" name="addAllItems" time="12.814"/>
  <testcase classname="sumayaproject.myTest" name="RemoveAllItems" time="2.47"/>
  <testcase classname="sumayaproject.myTest" name="Task" time="0.116"/>
  <testcase classname="sumayaproject.myTest" name="removeItemFromTheCart" time="0.0">
    <ignored/>
  </testcase> <!-- removeItemFromTheCart -->
  <testcase classname="sumayaproject.myTest" name="LogOut" time="0.0">
    <ignored/>
  </testcase> <!-- LogOut -->
</testsuite> <!-- Default test -->
