<?xml version="1.0" encoding="UTF-8"?>
<testng-results ignored="2" total="6" passed="4" failed="0" skipped="0">
  <reporter-output>
  </reporter-output>
  <suite started-at="2025-05-06T23:18:47 EET" name="Default suite" finished-at="2025-05-06T23:19:05 EET" duration-ms="17928">
    <groups>
    </groups>
    <test started-at="2025-05-06T23:18:47 EET" name="Default test" finished-at="2025-05-06T23:19:05 EET" duration-ms="17928">
      <class name="sumayaproject.myTest">
        <test-method is-config="true" signature="mySetup()[pri:0, instance:sumayaproject.myTest@23fb172e]" started-at="2025-05-06T23:18:47 EET" name="mySetup" finished-at="2025-05-06T23:18:48 EET" duration-ms="1634" status="PASS">
          <reporter-output>
          </reporter-output>
        </test-method> <!-- mySetup -->
        <test-method signature="addOneRandomItem()[pri:1, instance:sumayaproject.myTest@23fb172e]" started-at="2025-05-06T23:18:48 EET" name="addOneRandomItem" finished-at="2025-05-06T23:18:49 EET" duration-ms="449" status="PASS">
          <reporter-output>
          </reporter-output>
        </test-method> <!-- addOneRandomItem -->
        <test-method signature="addAllItems()[pri:2, instance:sumayaproject.myTest@23fb172e]" started-at="2025-05-06T23:18:49 EET" name="addAllItems" finished-at="2025-05-06T23:19:02 EET" duration-ms="12814" status="PASS">
          <reporter-output>
          </reporter-output>
        </test-method> <!-- addAllItems -->
        <test-method signature="RemoveAllItems()[pri:3, instance:sumayaproject.myTest@23fb172e]" started-at="2025-05-06T23:19:02 EET" name="RemoveAllItems" finished-at="2025-05-06T23:19:04 EET" duration-ms="2470" status="PASS">
          <reporter-output>
          </reporter-output>
        </test-method> <!-- RemoveAllItems -->
        <test-method signature="Task()[pri:4, instance:sumayaproject.myTest@23fb172e]" started-at="2025-05-06T23:19:04 EET" name="Task" finished-at="2025-05-06T23:19:04 EET" duration-ms="116" status="PASS">
          <reporter-output>
          </reporter-output>
        </test-method> <!-- Task -->
        <test-method is-config="true" signature="myAfterTest()[pri:0, instance:sumayaproject.myTest@23fb172e]" started-at="2025-05-06T23:19:04 EET" name="myAfterTest" finished-at="2025-05-06T23:19:05 EET" duration-ms="357" status="PASS">
          <reporter-output>
          </reporter-output>
        </test-method> <!-- myAfterTest -->
      </class> <!-- sumayaproject.myTest -->
    </test> <!-- Default test -->
  </suite> <!-- Default suite -->
</testng-results>
